[debug] [2023-08-14T07:45:12.066Z] ----------------------------------------------------------------------
[debug] [2023-08-14T07:45:12.069Z] Command:       C:\Program Files\nodejs\node.exe C:\Users\dell\AppData\Roaming\npm\node_modules\firebase-tools\lib\bin\firebase.js init hosting
[debug] [2023-08-14T07:45:12.069Z] CLI Version:   12.4.7
[debug] [2023-08-14T07:45:12.069Z] Platform:      win32
[debug] [2023-08-14T07:45:12.070Z] Node Version:  v20.0.0
[debug] [2023-08-14T07:45:12.070Z] Time:          Mon Aug 14 2023 14:45:12 GMT+0700 (Giờ Đông Dương)
[debug] [2023-08-14T07:45:12.070Z] ----------------------------------------------------------------------
[debug] 
[debug] [2023-08-14T07:45:12.078Z] > command requires scopes: ["email","openid","https://www.googleapis.com/auth/cloudplatformprojects.readonly","https://www.googleapis.com/auth/firebase","https://www.googleapis.com/auth/cloud-platform"]
[debug] [2023-08-14T07:45:12.079Z] > authorizing via signed-in user (nnthanh1209@gmail.com)
[info] 
     ######## #### ########  ######## ########     ###     ######  ########
     ##        ##  ##     ## ##       ##     ##  ##   ##  ##       ##
     ######    ##  ########  ######   ########  #########  ######  ######
     ##        ##  ##    ##  ##       ##     ## ##     ##       ## ##
     ##       #### ##     ## ######## ########  ##     ##  ######  ########

You're about to initialize a Firebase project in this directory:

  C:\Users\dell\OneDrive\Máy tính\Bài Tập & Tài Liệu\BanhTrungThu\firebase

[info] 
=== Project Setup
[info] 
[info] First, let's associate this project directory with a Firebase project.
[info] You can create multiple project aliases by running firebase use --add, 
[info] but for now we'll just set up a default project.
[info] 
[debug] [2023-08-14T07:45:14.045Z] > refreshing access token with scopes: []
[debug] [2023-08-14T07:45:14.049Z] >>> [apiv2][query] POST https://www.googleapis.com/oauth2/v3/token [none]
[debug] [2023-08-14T07:45:14.050Z] >>> [apiv2][body] POST https://www.googleapis.com/oauth2/v3/token [omitted]
[debug] [2023-08-14T07:45:14.327Z] <<< [apiv2][status] POST https://www.googleapis.com/oauth2/v3/token 400
[debug] [2023-08-14T07:45:14.327Z] <<< [apiv2][body] POST https://www.googleapis.com/oauth2/v3/token [omitted]
[debug] [2023-08-14T07:45:14.329Z] >>> [apiv2][query] GET https://firebase.googleapis.com/v1beta1/projects pageSize=100
[debug] [2023-08-14T07:45:14.521Z] <<< [apiv2][status] GET https://firebase.googleapis.com/v1beta1/projects 401
[debug] [2023-08-14T07:45:14.521Z] <<< [apiv2][body] GET https://firebase.googleapis.com/v1beta1/projects [omitted]
[debug] [2023-08-14T07:45:14.523Z] HTTP Error: 401, Request had invalid authentication credentials. Expected OAuth 2 access token, login cookie or other valid authentication credential. See https://developers.google.com/identity/sign-in/web/devconsole-project.
[debug] [2023-08-14T07:45:14.526Z] FirebaseError: HTTP Error: 401, Request had invalid authentication credentials. Expected OAuth 2 access token, login cookie or other valid authentication credential. See https://developers.google.com/identity/sign-in/web/devconsole-project.
    at responseToError (C:\Users\dell\AppData\Roaming\npm\node_modules\firebase-tools\lib\responseToError.js:49:12)
    at RetryOperation._fn (C:\Users\dell\AppData\Roaming\npm\node_modules\firebase-tools\lib\apiv2.js:285:77)
    at process.processTicksAndRejections (node:internal/process/task_queues:95:5)
[error] 
[error] Error: Failed to list Firebase projects. See firebase-debug.log for more info.
